<?xml version="1.0" encoding="UTF-8" ?>
<testsuite 
errors="0" failures="0" hostname="PradaBlade" name="org.scalatest.junit.JUnitWrapperSuite" tests="0" time="0.032" timestamp="2024-03-14T12:30:21">
  <properties>
    <property name="java.runtime.name" value="Java(TM) SE Runtime Environment">
    </property>
    <property name="java.vm.version" value="17.0.9+11-LTS-201"/>
    <property 
    name="sun.boot.library.path" value="C:\Users\prada\CS167\jdk-17_windows-x64_bin\jdk-17.0.9\bin">
</property>
    <property name="java.vm.vendor" value="Oracle Corporation"/>
    <property name="java.vendor.url" value="https://java.oracle.com/"/>
    <property name="path.separator" value=";"/>
    <property name="java.vm.name" value="Java HotSpot(TM) 64-Bit Server VM"/>
    <property name="sun.os.patch.level" value=""/>
    <property name="user.script" value=""/>
    <property name="user.country" value="US"/>
    <property name="sun.java.launcher" value="SUN_STANDARD"/>
    <property 
    name="java.vm.specification.name" value="Java Virtual Machine Specification">
</property>
    <property name="user.dir" value="C:\Users\prada\CS167\group16_projectc"/>
    <property name="java.vm.compressedOopsMode" value="Zero based"/>
    <property name="java.runtime.version" value="17.0.9+11-LTS-201"/>
    <property name="basedir" value="C:\Users\prada\CS167\group16_projectc"/>
    <property name="os.arch" value="amd64"/>
    <property name="java.io.tmpdir" value="C:\Users\prada\AppData\Local\Temp\">
    </property>
    <property name="line.separator" value=" "/>
    <property name="java.vm.specification.vendor" value="Oracle Corporation"/>
    <property name="user.variant" value=""/>
    <property name="os.name" value="Windows 10"/>
    <property name="sun.jnu.encoding" value="Cp1252"/>
    <property 
    name="java.library.path" value="C:\Users\prada\CS167\jdk-17_windows-x64_bin\jdk-17.0.9\bin;C:\WINDOWS\Sun\Java\bin;C:\WINDOWS\system32;C:\WINDOWS;C:\Program Files\Common Files\Oracle\Java\javapath;C:\Program Files (x86)\Common Files\Oracle\Java\javapath;C:\Program Files (x86)\VMware\VMware Player\bin\;C:\Windows\system32;C:\Windows;C:\Windows\System32\Wbem;C:\Windows\System32\WindowsPowerShell\v1.0\;C:\Windows\System32\OpenSSH\;C:\Program Files (x86)\NVIDIA Corporation\PhysX\Common;C:\Program Files\NVIDIA Corporation\NVIDIA NvDLISR;C:\WINDOWS\system32;C:\WINDOWS;C:\WINDOWS\System32\Wbem;C:\WINDOWS\System32\WindowsPowerShell\v1.0\;C:\WINDOWS\System32\OpenSSH\;C:\Program Files\PuTTY\;C:\Program Files\Git\cmd;C:\Users\prada\Documents\cmake-3.21.4-windows-x86_64\cmake-3.21.4-windows-x86_64\bin;C:\Program Files\CMake\bin;C:\msys64\mingw64\bin;C:\ProgramData\chocolatey\bin;C:\Program Files\dotnet\;C:\Program Files\Microsoft SQL Server\130\Tools\Binn\;C:\Program Files\Microsoft SQL Server\Client SDK\ODBC\170\Tools\Binn\;C:\Program Files\Docker\Docker\resources\bin;C:\Windows\system32;C:\Windows;C:\Windows\System32\Wbem;C:\Windows\System32\WindowsPowerShell\v1.0\;C:\Windows\System32\OpenSSH\;C:\Program Files (x86)\NVIDIA Corporation\PhysX\Common;C:\Program Files\NVIDIA Corporation\NVIDIA NvDLISR;C:\WINDOWS\system32;C:\WINDOWS;C:\WINDOWS\System32\Wbem;C:\WINDOWS\System32\WindowsPowerShell\v1.0\;C:\WINDOWS\System32\OpenSSH\;C:\Program Files\PuTTY\;C:\Program Files\Git\cmd;C:\Users\prada\AppData\Local\Programs\Python\Python39\Scripts\;C:\Users\prada\AppData\Local\Programs\Python\Python39\;C:\Users\prada\AppData\Local\Microsoft\WindowsApps;C:\Users\prada\AppData\Local\Programs\Microsoft VS Code\bin;C:\Program Files\cmake\bin;C:\Program Files\CMake\bin;C:\Program Files\CMake\Bin;C:\msys64\mingw64\bin;C:\Program Files (x86)\Brackets\;C:\Users\prada\AppData\Local\atom\bin;C:\Users\prada\.dotnet\tools;C:\Users\prada\AppData\Local\GitHubDesktop\bin;C:\Users\prada\AppData\Local\Microsoft\WindowsApps;C:\Users\prada\CS167\jdk-17_windows-x64_bin\jdk-17.0.9\bin;C:\Users\prada\CS167\apache-maven-3.9.6\bin;C:\Users\prada\CS167\hadoop-3.3.6\bin;C:\Users\prada\CS167\spark-3.5.0-bin-without-hadoop\bin;;.">
</property>
    <property name="jdk.debug" value="release"/>
    <property name="java.class.version" value="61.0"/>
    <property 
    name="java.specification.name" value="Java Platform API Specification">
</property>
    <property 
    name="sun.management.compiler" value="HotSpot 64-Bit Tiered Compilers">
</property>
    <property name="os.version" value="10.0"/>
    <property name="user.home" value="C:\Users\prada"/>
    <property name="file.encoding" value="Cp1252"/>
    <property name="java.specification.version" value="17"/>
    <property name="user.name" value="prada"/>
    <property 
    name="java.class.path" value="C:\Users\prada\CS167\group16_projectc\target\test-classes;C:\Users\prada\CS167\group16_projectc\target\classes;C:\Users\prada\.m2\repository\org\apache\spark\spark-core_2.12\3.5.0\spark-core_2.12-3.5.0.jar;C:\Users\prada\.m2\repository\org\apache\avro\avro\1.11.2\avro-1.11.2.jar;C:\Users\prada\.m2\repository\com\fasterxml\jackson\core\jackson-core\2.14.2\jackson-core-2.14.2.jar;C:\Users\prada\.m2\repository\org\slf4j\slf4j-api\1.7.36\slf4j-api-1.7.36.jar;C:\Users\prada\.m2\repository\org\apache\avro\avro-mapred\1.11.2\avro-mapred-1.11.2.jar;C:\Users\prada\.m2\repository\org\apache\avro\avro-ipc\1.11.2\avro-ipc-1.11.2.jar;C:\Users\prada\.m2\repository\org\tukaani\xz\1.9\xz-1.9.jar;C:\Users\prada\.m2\repository\com\twitter\chill_2.12\0.10.0\chill_2.12-0.10.0.jar;C:\Users\prada\.m2\repository\com\esotericsoftware\kryo-shaded\4.0.2\kryo-shaded-4.0.2.jar;C:\Users\prada\.m2\repository\com\esotericsoftware\minlog\1.3.0\minlog-1.3.0.jar;C:\Users\prada\.m2\repository\org\objenesis\objenesis\2.5.1\objenesis-2.5.1.jar;C:\Users\prada\.m2\repository\com\twitter\chill-java\0.10.0\chill-java-0.10.0.jar;C:\Users\prada\.m2\repository\org\apache\xbean\xbean-asm9-shaded\4.23\xbean-asm9-shaded-4.23.jar;C:\Users\prada\.m2\repository\org\apache\hadoop\hadoop-client-api\3.3.4\hadoop-client-api-3.3.4.jar;C:\Users\prada\.m2\repository\org\apache\hadoop\hadoop-client-runtime\3.3.4\hadoop-client-runtime-3.3.4.jar;C:\Users\prada\.m2\repository\commons-logging\commons-logging\1.1.3\commons-logging-1.1.3.jar;C:\Users\prada\.m2\repository\org\apache\spark\spark-launcher_2.12\3.5.0\spark-launcher_2.12-3.5.0.jar;C:\Users\prada\.m2\repository\org\apache\spark\spark-kvstore_2.12\3.5.0\spark-kvstore_2.12-3.5.0.jar;C:\Users\prada\.m2\repository\org\fusesource\leveldbjni\leveldbjni-all\1.8\leveldbjni-all-1.8.jar;C:\Users\prada\.m2\repository\com\fasterxml\jackson\core\jackson-annotations\2.15.2\jackson-annotations-2.15.2.jar;C:\Users\prada\.m2\repository\org\rocksdb\rocksdbjni\8.3.2\rocksdbjni-8.3.2.jar;C:\Users\prada\.m2\repository\org\apache\spark\spark-network-common_2.12\3.5.0\spark-network-common_2.12-3.5.0.jar;C:\Users\prada\.m2\repository\com\google\crypto\tink\tink\1.9.0\tink-1.9.0.jar;C:\Users\prada\.m2\repository\com\google\code\gson\gson\2.10.1\gson-2.10.1.jar;C:\Users\prada\.m2\repository\com\google\protobuf\protobuf-java\3.19.6\protobuf-java-3.19.6.jar;C:\Users\prada\.m2\repository\joda-time\joda-time\2.12.5\joda-time-2.12.5.jar;C:\Users\prada\.m2\repository\org\apache\spark\spark-network-shuffle_2.12\3.5.0\spark-network-shuffle_2.12-3.5.0.jar;C:\Users\prada\.m2\repository\org\apache\spark\spark-unsafe_2.12\3.5.0\spark-unsafe_2.12-3.5.0.jar;C:\Users\prada\.m2\repository\org\apache\spark\spark-common-utils_2.12\3.5.0\spark-common-utils_2.12-3.5.0.jar;C:\Users\prada\.m2\repository\org\slf4j\jul-to-slf4j\2.0.7\jul-to-slf4j-2.0.7.jar;C:\Users\prada\.m2\repository\org\slf4j\jcl-over-slf4j\2.0.7\jcl-over-slf4j-2.0.7.jar;C:\Users\prada\.m2\repository\org\apache\logging\log4j\log4j-slf4j2-impl\2.20.0\log4j-slf4j2-impl-2.20.0.jar;C:\Users\prada\.m2\repository\org\apache\logging\log4j\log4j-api\2.20.0\log4j-api-2.20.0.jar;C:\Users\prada\.m2\repository\org\apache\logging\log4j\log4j-core\2.20.0\log4j-core-2.20.0.jar;C:\Users\prada\.m2\repository\org\apache\logging\log4j\log4j-1.2-api\2.20.0\log4j-1.2-api-2.20.0.jar;C:\Users\prada\.m2\repository\javax\activation\activation\1.1.1\activation-1.1.1.jar;C:\Users\prada\.m2\repository\org\apache\curator\curator-recipes\2.13.0\curator-recipes-2.13.0.jar;C:\Users\prada\.m2\repository\org\apache\curator\curator-framework\2.13.0\curator-framework-2.13.0.jar;C:\Users\prada\.m2\repository\org\apache\curator\curator-client\2.13.0\curator-client-2.13.0.jar;C:\Users\prada\.m2\repository\com\google\guava\guava\16.0.1\guava-16.0.1.jar;C:\Users\prada\.m2\repository\org\apache\zookeeper\zookeeper\3.6.3\zookeeper-3.6.3.jar;C:\Users\prada\.m2\repository\org\apache\zookeeper\zookeeper-jute\3.6.3\zookeeper-jute-3.6.3.jar;C:\Users\prada\.m2\repository\org\apache\yetus\audience-annotations\0.5.0\audience-annotations-0.5.0.jar;C:\Users\prada\.m2\repository\jakarta\servlet\jakarta.servlet-api\4.0.3\jakarta.servlet-api-4.0.3.jar;C:\Users\prada\.m2\repository\commons-codec\commons-codec\1.16.0\commons-codec-1.16.0.jar;C:\Users\prada\.m2\repository\org\apache\commons\commons-compress\1.23.0\commons-compress-1.23.0.jar;C:\Users\prada\.m2\repository\org\apache\commons\commons-lang3\3.12.0\commons-lang3-3.12.0.jar;C:\Users\prada\.m2\repository\org\apache\commons\commons-math3\3.6.1\commons-math3-3.6.1.jar;C:\Users\prada\.m2\repository\org\apache\commons\commons-text\1.10.0\commons-text-1.10.0.jar;C:\Users\prada\.m2\repository\commons-io\commons-io\2.13.0\commons-io-2.13.0.jar;C:\Users\prada\.m2\repository\commons-collections\commons-collections\3.2.2\commons-collections-3.2.2.jar;C:\Users\prada\.m2\repository\org\apache\commons\commons-collections4\4.4\commons-collections4-4.4.jar;C:\Users\prada\.m2\repository\com\google\code\findbugs\jsr305\3.0.0\jsr305-3.0.0.jar;C:\Users\prada\.m2\repository\com\ning\compress-lzf\1.1.2\compress-lzf-1.1.2.jar;C:\Users\prada\.m2\repository\org\xerial\snappy\snappy-java\1.1.10.3\snappy-java-1.1.10.3.jar;C:\Users\prada\.m2\repository\org\lz4\lz4-java\1.8.0\lz4-java-1.8.0.jar;C:\Users\prada\.m2\repository\com\github\luben\zstd-jni\1.5.5-4\zstd-jni-1.5.5-4.jar;C:\Users\prada\.m2\repository\org\roaringbitmap\RoaringBitmap\0.9.45\RoaringBitmap-0.9.45.jar;C:\Users\prada\.m2\repository\org\roaringbitmap\shims\0.9.45\shims-0.9.45.jar;C:\Users\prada\.m2\repository\org\scala-lang\modules\scala-xml_2.12\2.1.0\scala-xml_2.12-2.1.0.jar;C:\Users\prada\.m2\repository\org\scala-lang\scala-reflect\2.12.18\scala-reflect-2.12.18.jar;C:\Users\prada\.m2\repository\org\json4s\json4s-jackson_2.12\3.7.0-M11\json4s-jackson_2.12-3.7.0-M11.jar;C:\Users\prada\.m2\repository\org\json4s\json4s-core_2.12\3.7.0-M11\json4s-core_2.12-3.7.0-M11.jar;C:\Users\prada\.m2\repository\org\json4s\json4s-ast_2.12\3.7.0-M11\json4s-ast_2.12-3.7.0-M11.jar;C:\Users\prada\.m2\repository\org\json4s\json4s-scalap_2.12\3.7.0-M11\json4s-scalap_2.12-3.7.0-M11.jar;C:\Users\prada\.m2\repository\org\glassfish\jersey\core\jersey-client\2.40\jersey-client-2.40.jar;C:\Users\prada\.m2\repository\jakarta\ws\rs\jakarta.ws.rs-api\2.1.6\jakarta.ws.rs-api-2.1.6.jar;C:\Users\prada\.m2\repository\org\glassfish\hk2\external\jakarta.inject\2.6.1\jakarta.inject-2.6.1.jar;C:\Users\prada\.m2\repository\org\glassfish\jersey\core\jersey-common\2.40\jersey-common-2.40.jar;C:\Users\prada\.m2\repository\jakarta\annotation\jakarta.annotation-api\1.3.5\jakarta.annotation-api-1.3.5.jar;C:\Users\prada\.m2\repository\org\glassfish\hk2\osgi-resource-locator\1.0.3\osgi-resource-locator-1.0.3.jar;C:\Users\prada\.m2\repository\org\glassfish\jersey\core\jersey-server\2.40\jersey-server-2.40.jar;C:\Users\prada\.m2\repository\jakarta\validation\jakarta.validation-api\2.0.2\jakarta.validation-api-2.0.2.jar;C:\Users\prada\.m2\repository\org\glassfish\jersey\containers\jersey-container-servlet\2.40\jersey-container-servlet-2.40.jar;C:\Users\prada\.m2\repository\org\glassfish\jersey\containers\jersey-container-servlet-core\2.40\jersey-container-servlet-core-2.40.jar;C:\Users\prada\.m2\repository\org\glassfish\jersey\inject\jersey-hk2\2.40\jersey-hk2-2.40.jar;C:\Users\prada\.m2\repository\org\glassfish\hk2\hk2-locator\2.6.1\hk2-locator-2.6.1.jar;C:\Users\prada\.m2\repository\org\glassfish\hk2\external\aopalliance-repackaged\2.6.1\aopalliance-repackaged-2.6.1.jar;C:\Users\prada\.m2\repository\org\glassfish\hk2\hk2-api\2.6.1\hk2-api-2.6.1.jar;C:\Users\prada\.m2\repository\org\glassfish\hk2\hk2-utils\2.6.1\hk2-utils-2.6.1.jar;C:\Users\prada\.m2\repository\org\javassist\javassist\3.29.2-GA\javassist-3.29.2-GA.jar;C:\Users\prada\.m2\repository\io\netty\netty-all\4.1.96.Final\netty-all-4.1.96.Final.jar;C:\Users\prada\.m2\repository\io\netty\netty-buffer\4.1.96.Final\netty-buffer-4.1.96.Final.jar;C:\Users\prada\.m2\repository\io\netty\netty-codec\4.1.96.Final\netty-codec-4.1.96.Final.jar;C:\Users\prada\.m2\repository\io\netty\netty-codec-http\4.1.96.Final\netty-codec-http-4.1.96.Final.jar;C:\Users\prada\.m2\repository\io\netty\netty-codec-http2\4.1.96.Final\netty-codec-http2-4.1.96.Final.jar;C:\Users\prada\.m2\repository\io\netty\netty-codec-socks\4.1.96.Final\netty-codec-socks-4.1.96.Final.jar;C:\Users\prada\.m2\repository\io\netty\netty-common\4.1.96.Final\netty-common-4.1.96.Final.jar;C:\Users\prada\.m2\repository\io\netty\netty-handler\4.1.96.Final\netty-handler-4.1.96.Final.jar;C:\Users\prada\.m2\repository\io\netty\netty-transport-native-unix-common\4.1.96.Final\netty-transport-native-unix-common-4.1.96.Final.jar;C:\Users\prada\.m2\repository\io\netty\netty-handler-proxy\4.1.96.Final\netty-handler-proxy-4.1.96.Final.jar;C:\Users\prada\.m2\repository\io\netty\netty-resolver\4.1.96.Final\netty-resolver-4.1.96.Final.jar;C:\Users\prada\.m2\repository\io\netty\netty-transport\4.1.96.Final\netty-transport-4.1.96.Final.jar;C:\Users\prada\.m2\repository\io\netty\netty-transport-classes-epoll\4.1.96.Final\netty-transport-classes-epoll-4.1.96.Final.jar;C:\Users\prada\.m2\repository\io\netty\netty-transport-classes-kqueue\4.1.96.Final\netty-transport-classes-kqueue-4.1.96.Final.jar;C:\Users\prada\.m2\repository\io\netty\netty-transport-native-epoll\4.1.96.Final\netty-transport-native-epoll-4.1.96.Final-linux-x86_64.jar;C:\Users\prada\.m2\repository\io\netty\netty-transport-native-epoll\4.1.96.Final\netty-transport-native-epoll-4.1.96.Final-linux-aarch_64.jar;C:\Users\prada\.m2\repository\io\netty\netty-transport-native-kqueue\4.1.96.Final\netty-transport-native-kqueue-4.1.96.Final-osx-aarch_64.jar;C:\Users\prada\.m2\repository\io\netty\netty-transport-native-kqueue\4.1.96.Final\netty-transport-native-kqueue-4.1.96.Final-osx-x86_64.jar;C:\Users\prada\.m2\repository\com\clearspring\analytics\stream\2.9.6\stream-2.9.6.jar;C:\Users\prada\.m2\repository\io\dropwizard\metrics\metrics-core\4.2.19\metrics-core-4.2.19.jar;C:\Users\prada\.m2\repository\io\dropwizard\metrics\metrics-jvm\4.2.19\metrics-jvm-4.2.19.jar;C:\Users\prada\.m2\repository\io\dropwizard\metrics\metrics-json\4.2.19\metrics-json-4.2.19.jar;C:\Users\prada\.m2\repository\io\dropwizard\metrics\metrics-graphite\4.2.19\metrics-graphite-4.2.19.jar;C:\Users\prada\.m2\repository\io\dropwizard\metrics\metrics-jmx\4.2.19\metrics-jmx-4.2.19.jar;C:\Users\prada\.m2\repository\com\fasterxml\jackson\core\jackson-databind\2.15.2\jackson-databind-2.15.2.jar;C:\Users\prada\.m2\repository\com\fasterxml\jackson\module\jackson-module-scala_2.12\2.15.2\jackson-module-scala_2.12-2.15.2.jar;C:\Users\prada\.m2\repository\com\thoughtworks\paranamer\paranamer\2.8\paranamer-2.8.jar;C:\Users\prada\.m2\repository\org\apache\ivy\ivy\2.5.1\ivy-2.5.1.jar;C:\Users\prada\.m2\repository\oro\oro\2.0.8\oro-2.0.8.jar;C:\Users\prada\.m2\repository\net\razorvine\pickle\1.3\pickle-1.3.jar;C:\Users\prada\.m2\repository\net\sf\py4j\py4j\0.10.9.7\py4j-0.10.9.7.jar;C:\Users\prada\.m2\repository\org\apache\spark\spark-tags_2.12\3.5.0\spark-tags_2.12-3.5.0.jar;C:\Users\prada\.m2\repository\org\apache\commons\commons-crypto\1.1.0\commons-crypto-1.1.0.jar;C:\Users\prada\.m2\repository\org\scala-lang\scala-library\2.12.18\scala-library-2.12.18.jar;C:\Users\prada\.m2\repository\junit\junit\4.12\junit-4.12.jar;C:\Users\prada\.m2\repository\org\hamcrest\hamcrest-core\1.3\hamcrest-core-1.3.jar;C:\Users\prada\.m2\repository\org\scalatest\scalatest_2.12\3.0.8\scalatest_2.12-3.0.8.jar;C:\Users\prada\.m2\repository\org\scalactic\scalactic_2.12\3.0.8\scalactic_2.12-3.0.8.jar;C:\Users\prada\.m2\repository\org\specs2\specs2-core_2.12\4.20.5\specs2-core_2.12-4.20.5.jar;C:\Users\prada\.m2\repository\org\specs2\specs2-matcher_2.12\4.20.5\specs2-matcher_2.12-4.20.5.jar;C:\Users\prada\.m2\repository\org\specs2\specs2-common_2.12\4.20.5\specs2-common_2.12-4.20.5.jar;C:\Users\prada\.m2\repository\org\specs2\specs2-fp_2.12\4.20.5\specs2-fp_2.12-4.20.5.jar;C:\Users\prada\.m2\repository\org\scala-lang\modules\scala-parser-combinators_2.12\1.1.2\scala-parser-combinators_2.12-1.1.2.jar;C:\Users\prada\.m2\repository\org\scala-sbt\test-interface\1.0\test-interface-1.0.jar;C:\Users\prada\.m2\repository\org\portable-scala\portable-scala-reflect_2.12\1.1.1\portable-scala-reflect_2.12-1.1.1.jar;C:\Users\prada\.m2\repository\org\specs2\specs2-junit_2.12\4.20.5\specs2-junit_2.12-4.20.5.jar">
</property>
    <property name="java.vm.specification.version" value="17"/>
    <property name="sun.arch.data.model" value="64"/>
    <property 
    name="sun.java.command" value="org.scalatest.tools.Runner -R C:\Users\prada\CS167\group16_projectc\target\classes C:\Users\prada\CS167\group16_projectc\target\test-classes -j samples.AppTest -o -f C:\Users\prada\CS167\group16_projectc\target\surefire-reports\TestSuiteReport.txt -u C:\Users\prada\CS167\group16_projectc\target\surefire-reports\.">
</property>
    <property 
    name="java.home" value="C:\Users\prada\CS167\jdk-17_windows-x64_bin\jdk-17.0.9">
</property>
    <property name="user.language" value="en"/>
    <property name="java.specification.vendor" value="Oracle Corporation"/>
    <property name="java.vm.info" value="mixed mode, sharing"/>
    <property name="java.version" value="17.0.9"/>
    <property name="native.encoding" value="Cp1252"/>
    <property name="java.vendor" value="Oracle Corporation"/>
    <property name="file.separator" value="\"/>
    <property name="java.version.date" value="2023-10-17"/>
    <property 
    name="java.vendor.url.bug" value="https://bugreport.java.com/bugreport/">
</property>
    <property name="sun.io.unicode.encoding" value="UnicodeLittle"/>
    <property name="sun.cpu.endian" value="little"/>
    <property name="sun.cpu.isalist" value="amd64"/>
  </properties>
  <system-out><![CDATA[]]></system-out>
  <system-err><![CDATA[]]></system-err>
</testsuite>
